warning: unused variable: `actor`
  --> kevan-policy\src\engine.rs:18:9
   |
18 |         actor: &str,
   |         ^^^^^ help: if this is intentional, prefix it with an underscore: `_actor`
   |
   = note: `#[warn(unused_variables)]` (part of `#[warn(unused)]`) on by default

warning: `kevan-policy` (lib) generated 1 warning
warning: field `api_key` is never read
  --> kevan-tel\src\hub.rs:10:5
   |
 7 | pub struct TelHub {
   |            ------ field in this struct
...
10 |     api_key: String,
   |     ^^^^^^^
   |
   = note: `#[warn(dead_code)]` (part of `#[warn(unused)]`) on by default

warning: `kevan-tel` (lib) generated 1 warning
    Finished `dev` profile [unoptimized + debuginfo] target(s) in 0.34s
     Running `C:\Users\Kevan\web3 true web3 rarity\target\debug\webhook-server.exe`
❌ Failed to dial SIM: Telnyx API error 404 Not Found: {
  "errors": [{
    "code": "10005",
    "title": "Resource not found",
    "detail": "The requested resource or URL could not be found.",
    "meta": {
      "url": "https://developers.telnyx.com/docs/overview/errors/10005"
    }
  }]
}

